2018-09-28 01:13:30,298 : INFO : Machine : Mission Pinball Framework Core Engine v0.50.15
2018-09-28 01:13:30,298 : INFO : Machine : Command line arguments: {'no_load_cache': False, 'create_config_cache': True, 'bcp': True, 'configfile': ['config.yaml'], 'mpfconfigfile': 'c:\\program files\\python36\\lib\\site-packages\\mpf\\mpfconfig.yaml', 'force_assets_load': False, 'logfile': 'logs\\2018-09-28-01-13-30-mpf-Blitzwing.log', 'pause': False, 'production': False, 'text_ui': True, 'loglevel': 10, 'consoleloglevel': 10, 'force_platform': 'virtual', 'syslog_address': None, 'mc_file_name': None}
2018-09-28 01:13:30,298 : INFO : Machine : MPF path: c:\program files\python36\lib\site-packages\mpf
2018-09-28 01:13:30,298 : INFO : Machine : Machine path: c:\pinball\machine_files\doctorwho
2018-09-28 01:13:30,298 : INFO : Machine : Platform: win32
2018-09-28 01:13:30,298 : INFO : Machine : Python executable location: c:\program files\python36\python.exe
2018-09-28 01:13:30,298 : INFO : Machine : Python version: 3.6.4 (64-bit)
2018-09-28 01:13:30,698 : INFO : Machine : Machine config file #1: config.yaml
2018-09-28 01:13:30,698 : INFO : ConfigProcessor : Loading config from cache: C:\Users\arsen\AppData\Local\Temp\1e799999806c7e3a2cbb7d738c33c6eb.mpf_cache
2018-09-28 01:13:30,714 : WARNING : ConfigProcessor : Config file in cache changed: c:\pinball\machine_files\doctorwho\config\ball_devices.yaml
2018-09-28 01:13:30,714 : INFO : ConfigProcessor : Loading config from file c:\program files\python36\lib\site-packages\mpf\mpfconfig.yaml.
2018-09-28 01:13:30,714 : DEBUG : YAML File Interface : Loading file: c:\program files\python36\lib\site-packages\mpf\mpfconfig.yaml
2018-09-28 01:13:30,776 : INFO : ConfigProcessor : Loading config: c:\program files\python36\lib\site-packages\mpf\mpfconfig.yaml
2018-09-28 01:13:30,776 : INFO : ConfigProcessor : Loading config from file c:\pinball\machine_files\doctorwho\config\config.yaml.
2018-09-28 01:13:30,776 : DEBUG : YAML File Interface : Loading file: c:\pinball\machine_files\doctorwho\config\config.yaml
2018-09-28 01:13:30,781 : INFO : ConfigProcessor : Loading config: c:\pinball\machine_files\doctorwho\config\config.yaml
2018-09-28 01:13:30,781 : DEBUG : YAML File Interface : Loading file: c:\pinball\machine_files\doctorwho\config\hardware.yaml
2018-09-28 01:13:30,796 : INFO : ConfigProcessor : Loading config: c:\pinball\machine_files\doctorwho\config\hardware.yaml
2018-09-28 01:13:30,796 : DEBUG : YAML File Interface : Loading file: c:\pinball\machine_files\doctorwho\config\keyboard.yaml
2018-09-28 01:13:30,796 : INFO : ConfigProcessor : Loading config: c:\pinball\machine_files\doctorwho\config\keyboard.yaml
2018-09-28 01:13:30,796 : DEBUG : YAML File Interface : Loading file: c:\pinball\machine_files\doctorwho\config\autofire_coils.yaml
2018-09-28 01:13:30,796 : INFO : ConfigProcessor : Loading config: c:\pinball\machine_files\doctorwho\config\autofire_coils.yaml
2018-09-28 01:13:30,796 : DEBUG : YAML File Interface : Loading file: c:\pinball\machine_files\doctorwho\config\flippers.yaml
2018-09-28 01:13:30,812 : INFO : ConfigProcessor : Loading config: c:\pinball\machine_files\doctorwho\config\flippers.yaml
2018-09-28 01:13:30,812 : DEBUG : YAML File Interface : Loading file: c:\pinball\machine_files\doctorwho\config\switches.yaml
2018-09-28 01:13:30,843 : INFO : ConfigProcessor : Loading config: c:\pinball\machine_files\doctorwho\config\switches.yaml
2018-09-28 01:13:30,843 : DEBUG : YAML File Interface : Loading file: c:\pinball\machine_files\doctorwho\config\lights.yaml
2018-09-28 01:13:30,894 : INFO : ConfigProcessor : Loading config: c:\pinball\machine_files\doctorwho\config\lights.yaml
2018-09-28 01:13:30,894 : DEBUG : YAML File Interface : Loading file: c:\pinball\machine_files\doctorwho\config\coils.yaml
2018-09-28 01:13:30,894 : INFO : ConfigProcessor : Loading config: c:\pinball\machine_files\doctorwho\config\coils.yaml
2018-09-28 01:13:30,894 : DEBUG : YAML File Interface : Loading file: c:\pinball\machine_files\doctorwho\config\ball_devices.yaml
2018-09-28 01:13:30,910 : INFO : ConfigProcessor : Loading config: c:\pinball\machine_files\doctorwho\config\ball_devices.yaml
2018-09-28 01:13:30,910 : DEBUG : YAML File Interface : Loading file: c:\pinball\machine_files\doctorwho\config\machine.yaml
2018-09-28 01:13:30,910 : INFO : ConfigProcessor : Loading config: c:\pinball\machine_files\doctorwho\config\machine.yaml
2018-09-28 01:13:30,910 : DEBUG : YAML File Interface : Loading file: c:\pinball\machine_files\doctorwho\config\modes.yaml
2018-09-28 01:13:30,910 : INFO : ConfigProcessor : Loading config: c:\pinball\machine_files\doctorwho\config\modes.yaml
2018-09-28 01:13:30,910 : DEBUG : YAML File Interface : Loading file: c:\pinball\machine_files\doctorwho\config\player_vars.yaml
2018-09-28 01:13:30,910 : DEBUG : YAML File Interface : Loading file: c:\pinball\machine_files\doctorwho\config\playfields.yaml
2018-09-28 01:13:30,926 : INFO : ConfigProcessor : Loading config: c:\pinball\machine_files\doctorwho\config\playfields.yaml
2018-09-28 01:13:30,926 : DEBUG : YAML File Interface : Loading file: c:\pinball\machine_files\doctorwho\config\sequence_shots.yaml
2018-09-28 01:13:30,926 : DEBUG : YAML File Interface : Loading file: c:\pinball\machine_files\doctorwho\config\graphics.yaml
2018-09-28 01:13:30,926 : INFO : ConfigProcessor : Loading config: c:\pinball\machine_files\doctorwho\config\graphics.yaml
2018-09-28 01:13:30,926 : DEBUG : YAML File Interface : Loading file: c:\pinball\machine_files\doctorwho\config\sounds.yaml
2018-09-28 01:13:30,926 : DEBUG : YAML File Interface : Loading file: c:\pinball\machine_files\doctorwho\config\videos.yaml
2018-09-28 01:13:30,941 : INFO : ConfigProcessor : Config file cache created: C:\Users\arsen\AppData\Local\Temp\1e799999806c7e3a2cbb7d738c33c6eb.mpf_cache
2018-09-28 01:13:30,941 : DEBUG : asyncio : Using selector: SelectSelector
2018-09-28 01:13:30,941 : INFO : Machine : Initialise MPF.
2018-09-28 01:13:30,957 : DEBUG : Virtual Platform : Configuring virtual hardware interface.
2018-09-28 01:13:31,172 : INFO : EventManager : Event: ======'machine_var_credits_string'====== Args={'value': 'FREE PLAY', 'prev_value': None, 'change': True}
2018-09-28 01:13:31,218 : DEBUG : YAML File Interface : Loading file: c:\pinball\machine_files\doctorwho\data/machine_vars.yaml
2018-09-28 01:13:31,235 : INFO : EventManager : Event: ======'machine_var_player1_score'====== Args={'value': 1807, 'prev_value': None, 'change': True}
2018-09-28 01:13:31,235 : INFO : EventManager : Event: ======'machine_var_mpf_version'====== Args={'value': 'MPF v0.50.15', 'prev_value': None, 'change': True}
2018-09-28 01:13:31,235 : INFO : EventManager : Event: ======'machine_var_mpf_extended_version'====== Args={'value': 'MPF v0.50.15, Config version:5, Show version: 5, BCP version:1.1', 'prev_value': None, 'change': True}
2018-09-28 01:13:31,235 : INFO : EventManager : Event: ======'machine_var_python_version'====== Args={'value': '3.6.4', 'prev_value': None, 'change': True}
2018-09-28 01:13:31,235 : INFO : EventManager : Event: ======'machine_var_platform'====== Args={'value': 'Windows-10-10.0.17134-SP0', 'prev_value': None, 'change': True}
2018-09-28 01:13:31,235 : INFO : EventManager : Event: ======'machine_var_platform_system'====== Args={'value': 'Windows', 'prev_value': None, 'change': True}
2018-09-28 01:13:31,235 : INFO : EventManager : Event: ======'machine_var_platform_release'====== Args={'value': '10', 'prev_value': None, 'change': True}
2018-09-28 01:13:31,235 : INFO : EventManager : Event: ======'machine_var_platform_version'====== Args={'value': '10.0.17134', 'prev_value': None, 'change': True}
2018-09-28 01:13:31,235 : INFO : EventManager : Event: ======'machine_var_platform_machine'====== Args={'value': 'AMD64', 'prev_value': None, 'change': True}
2018-09-28 01:13:31,235 : INFO : EventManager : Event: ======'init_phase_1'====== Args={}
2018-09-28 01:13:31,255 : INFO : ConfigProcessor : Loading config from cache: C:\Users\arsen\AppData\Local\Temp\8e1a6a6e716428615d3205ffe45b9b4d.mpf_cache
2018-09-28 01:13:31,286 : DEBUG : ModeController : Loaded mode game
2018-09-28 01:13:31,286 : INFO : ConfigProcessor : Loading config from cache: C:\Users\arsen\AppData\Local\Temp\52af842bd356bd61dcfbd8500a0accea.mpf_cache
2018-09-28 01:13:31,302 : DEBUG : ModeController : Loaded mode attract
2018-09-28 01:13:31,303 : INFO : ConfigProcessor : Loading config from cache: C:\Users\arsen\AppData\Local\Temp\c0935d3243e22a7cb785f27b2f5f0506.mpf_cache
2018-09-28 01:13:31,307 : DEBUG : ModeController : Loaded mode base
2018-09-28 01:13:31,339 : INFO : EventManager : Event: ======'init_phase_2'====== Args={}
2018-09-28 01:13:31,344 : INFO : SwitchController : Found active switch: s_trough_1
2018-09-28 01:13:31,344 : INFO : SwitchController : Found active switch: s_trough_2
2018-09-28 01:13:31,344 : INFO : SwitchController : Found active switch: s_trough_3
2018-09-28 01:13:31,390 : INFO : EventManager : Event: ======'bcp_connection_attempt'====== Args={'name': 'local_display', 'host': 'localhost', 'port': 5050}
2018-09-28 01:13:31,390 : INFO : BCPClientSocket.local_display : Connecting BCP to 'local_display' at localhost:5050...
2018-09-28 01:13:33,408 : INFO : BCPClientSocket.local_display : Connected BCP to 'local_display' localhost:5050
2018-09-28 01:13:33,408 : INFO : EventManager : Event: ======'bcp_clients_connected'====== Args={}
2018-09-28 01:13:33,445 : INFO : EventManager : Event: ======'machine_var_master_volume'====== Args={'value': 1.0, 'prev_value': None, 'change': True}
2018-09-28 01:13:33,448 : DEBUG : YAML File Interface : Loading file: c:\pinball\machine_files\doctorwho\data/audits.yaml
2018-09-28 01:13:33,461 : DEBUG : Machine : "info_lights:" section not found in machine configuration, so the Info Lights plugin will not be used.
2018-09-28 01:13:33,462 : DEBUG : Machine : "switch_player:" section not found in machine configuration, so the Switch Playerplugin will not be used.
2018-09-28 01:13:33,462 : INFO : EventManager : Event: ======'init_phase_3'====== Args={}
2018-09-28 01:13:33,466 : INFO : AssetManager : Registering Asset: attract_dmd_loop, File: attract_dmd_loop.yaml, Default Group: default, Final Config: {'load': 'preload', 'file': 'c:\\pinball\\machine_files\\doctorwho\\shows\\attract_dmd_loop.yaml'}
2018-09-28 01:13:33,471 : INFO : ConfigProcessor : Loading config from cache: C:\Users\arsen\AppData\Local\Temp\223e6bb84e2402bf31eb7010fcfce41f.mpf_cache
2018-09-28 01:13:33,489 : INFO : EventManager : Event: ======'loading_assets'====== Args={'total': 1, 'loaded': 1, 'remaining': 0, 'percent': 100}
2018-09-28 01:13:33,489 : INFO : EventManager : Event: ======'asset_loading_complete'====== Args={}
2018-09-28 01:13:33,489 : INFO : AssetManager : Loading assets: 1/1 (100%)
2018-09-28 01:13:33,489 : INFO : EventManager : Event: ======'init_phase_4'====== Args={}
2018-09-28 01:13:33,504 : INFO : EventManager : Event: ======'slide_asset_status_created'====== Args={'_from_bcp': True}
2018-09-28 01:13:33,504 : INFO : EventManager : Event: ======'slide_asset_status_active'====== Args={'_from_bcp': True}
2018-09-28 01:13:33,506 : INFO : EventManager : Event: ======'machine_var_audits_events_game_ended'====== Args={'value': 1, 'prev_value': None, 'change': True}
2018-09-28 01:13:33,506 : INFO : EventManager : Event: ======'machine_var_audits_events_game_started'====== Args={'value': 170, 'prev_value': None, 'change': True}
2018-09-28 01:13:33,507 : INFO : EventManager : Event: ======'machine_var_audits_player_score'====== Args={'value': {'average': 1807.0, 'top': [1807], 'total': 1}, 'prev_value': None, 'change': True}
2018-09-28 01:13:33,507 : INFO : EventManager : Event: ======'machine_var_audits_shots_bombshell_level_1'====== Args={'value': 7, 'prev_value': None, 'change': True}
2018-09-28 01:13:33,508 : INFO : EventManager : Event: ======'machine_var_audits_shots_heavy'====== Args={'value': 22, 'prev_value': None, 'change': True}
2018-09-28 01:13:33,508 : INFO : EventManager : Event: ======'machine_var_audits_shots_l_pop'====== Args={'value': 32, 'prev_value': None, 'change': True}
2018-09-28 01:13:33,508 : INFO : EventManager : Event: ======'machine_var_audits_shots_level_1'====== Args={'value': 32, 'prev_value': None, 'change': True}
2018-09-28 01:13:33,509 : INFO : EventManager : Event: ======'machine_var_audits_shots_level_2'====== Args={'value': 22, 'prev_value': None, 'change': True}
2018-09-28 01:13:33,509 : INFO : EventManager : Event: ======'machine_var_audits_shots_level_3'====== Args={'value': 7, 'prev_value': None, 'change': True}
2018-09-28 01:13:33,510 : INFO : EventManager : Event: ======'machine_var_audits_shots_metal'====== Args={'value': 7, 'prev_value': None, 'change': True}
2018-09-28 01:13:33,510 : INFO : EventManager : Event: ======'machine_var_audits_shots_m_pop'====== Args={'value': 31, 'prev_value': None, 'change': True}
2018-09-28 01:13:33,510 : INFO : EventManager : Event: ======'machine_var_audits_shots_r_pop'====== Args={'value': 27, 'prev_value': None, 'change': True}
2018-09-28 01:13:33,511 : INFO : EventManager : Event: ======'machine_var_audits_shots_eject_chamber'====== Args={'value': 8, 'prev_value': None, 'change': True}
2018-09-28 01:13:33,511 : INFO : EventManager : Event: ======'machine_var_audits_shots_top_lane_a'====== Args={'value': 80, 'prev_value': None, 'change': True}
2018-09-28 01:13:33,512 : INFO : EventManager : Event: ======'machine_var_audits_shots_top_lane_j'====== Args={'value': 66, 'prev_value': None, 'change': True}
2018-09-28 01:13:33,512 : INFO : EventManager : Event: ======'machine_var_audits_shots_top_lane_m'====== Args={'value': 68, 'prev_value': None, 'change': True}
2018-09-28 01:13:33,512 : INFO : EventManager : Event: ======'machine_var_audits_switches_s_cabinet_left'====== Args={'value': 0, 'prev_value': None, 'change': True}
2018-09-28 01:13:33,513 : INFO : EventManager : Event: ======'machine_var_audits_switches_s_cabinet_right'====== Args={'value': 0, 'prev_value': None, 'change': True}
2018-09-28 01:13:33,513 : INFO : EventManager : Event: ======'machine_var_audits_switches_s_center_target'====== Args={'value': 39, 'prev_value': None, 'change': True}
2018-09-28 01:13:33,513 : INFO : EventManager : Event: ======'machine_var_audits_switches_s_coins_left'====== Args={'value': 0, 'prev_value': None, 'change': True}
2018-09-28 01:13:33,513 : INFO : EventManager : Event: ======'machine_var_audits_switches_s_coins_middle'====== Args={'value': 0, 'prev_value': None, 'change': True}
2018-09-28 01:13:33,513 : INFO : EventManager : Event: ======'machine_var_audits_switches_s_coins_right'====== Args={'value': 0, 'prev_value': None, 'change': True}
2018-09-28 01:13:33,513 : INFO : EventManager : Event: ======'machine_var_audits_switches_s_credit'====== Args={'value': 6, 'prev_value': None, 'change': True}
2018-09-28 01:13:33,513 : INFO : EventManager : Event: ======'machine_var_audits_switches_s_eject_chamber'====== Args={'value': 8, 'prev_value': None, 'change': True}
2018-09-28 01:13:33,513 : INFO : EventManager : Event: ======'machine_var_audits_switches_s_heavy_target'====== Args={'value': 22, 'prev_value': None, 'change': True}
2018-09-28 01:13:33,513 : INFO : EventManager : Event: ======'machine_var_audits_switches_s_left_25k_target'====== Args={'value': 0, 'prev_value': None, 'change': True}
2018-09-28 01:13:33,514 : INFO : EventManager : Event: ======'machine_var_audits_switches_s_left_bumper'====== Args={'value': 32, 'prev_value': None, 'change': True}
2018-09-28 01:13:33,514 : INFO : EventManager : Event: ======'machine_var_audits_switches_s_left_flipper'====== Args={'value': 0, 'prev_value': None, 'change': True}
2018-09-28 01:13:33,514 : INFO : EventManager : Event: ======'machine_var_audits_switches_s_left_outlane'====== Args={'value': 0, 'prev_value': None, 'change': True}
2018-09-28 01:13:33,514 : INFO : EventManager : Event: ======'machine_var_audits_switches_s_left_return_lane'====== Args={'value': 0, 'prev_value': None, 'change': True}
2018-09-28 01:13:33,514 : INFO : EventManager : Event: ======'machine_var_audits_switches_s_left_rollover'====== Args={'value': 0, 'prev_value': None, 'change': True}
2018-09-28 01:13:33,514 : INFO : EventManager : Event: ======'machine_var_audits_switches_s_left_saucer'====== Args={'value': 0, 'prev_value': None, 'change': True}
2018-09-28 01:13:33,514 : INFO : EventManager : Event: ======'machine_var_audits_switches_s_left_slingshot'====== Args={'value': 0, 'prev_value': None, 'change': True}
2018-09-28 01:13:33,514 : INFO : EventManager : Event: ======'machine_var_audits_switches_s_load_chamber'====== Args={'value': 0, 'prev_value': None, 'change': True}
2018-09-28 01:13:33,514 : INFO : EventManager : Event: ======'machine_var_audits_switches_s_metal_target'====== Args={'value': 7, 'prev_value': None, 'change': True}
2018-09-28 01:13:33,515 : INFO : EventManager : Event: ======'machine_var_audits_switches_s_middle_bumper'====== Args={'value': 31, 'prev_value': None, 'change': True}
2018-09-28 01:13:33,515 : INFO : EventManager : Event: ======'machine_var_audits_switches_s_outhole'====== Args={'value': 0, 'prev_value': None, 'change': True}
2018-09-28 01:13:33,515 : INFO : EventManager : Event: ======'machine_var_audits_switches_s_ramp_drop_target'====== Args={'value': 0, 'prev_value': None, 'change': True}
2018-09-28 01:13:33,515 : INFO : EventManager : Event: ======'machine_var_audits_switches_s_right_25k_target'====== Args={'value': 0, 'prev_value': None, 'change': True}
2018-09-28 01:13:33,515 : INFO : EventManager : Event: ======'machine_var_audits_switches_s_right_bumper'====== Args={'value': 27, 'prev_value': None, 'change': True}
2018-09-28 01:13:33,515 : INFO : EventManager : Event: ======'machine_var_audits_switches_s_right_flipper'====== Args={'value': 0, 'prev_value': None, 'change': True}
2018-09-28 01:13:33,515 : INFO : EventManager : Event: ======'machine_var_audits_switches_s_right_outlane'====== Args={'value': 0, 'prev_value': None, 'change': True}
2018-09-28 01:13:33,515 : INFO : EventManager : Event: ======'machine_var_audits_switches_s_right_return_lane'====== Args={'value': 0, 'prev_value': None, 'change': True}
2018-09-28 01:13:33,515 : INFO : EventManager : Event: ======'machine_var_audits_switches_s_right_rollover'====== Args={'value': 0, 'prev_value': None, 'change': True}
2018-09-28 01:13:33,516 : INFO : EventManager : Event: ======'machine_var_audits_switches_s_right_saucer'====== Args={'value': 0, 'prev_value': None, 'change': True}
2018-09-28 01:13:33,516 : INFO : EventManager : Event: ======'machine_var_audits_switches_s_right_slingshot'====== Args={'value': 0, 'prev_value': None, 'change': True}
2018-09-28 01:13:33,517 : INFO : EventManager : Event: ======'machine_var_audits_switches_s_slam'====== Args={'value': 0, 'prev_value': None, 'change': True}
2018-09-28 01:13:33,518 : INFO : EventManager : Event: ======'machine_var_audits_switches_s_tilt'====== Args={'value': 0, 'prev_value': None, 'change': True}
2018-09-28 01:13:33,518 : INFO : EventManager : Event: ======'machine_var_audits_switches_s_top_25k_lane'====== Args={'value': 0, 'prev_value': None, 'change': True}
2018-09-28 01:13:33,518 : INFO : EventManager : Event: ======'machine_var_audits_switches_s_top_50k_lane'====== Args={'value': 0, 'prev_value': None, 'change': True}
2018-09-28 01:13:33,518 : INFO : EventManager : Event: ======'machine_var_audits_switches_s_top_lane_a'====== Args={'value': 80, 'prev_value': None, 'change': True}
2018-09-28 01:13:33,519 : INFO : EventManager : Event: ======'machine_var_audits_switches_s_top_lane_j'====== Args={'value': 66, 'prev_value': None, 'change': True}
2018-09-28 01:13:33,519 : INFO : EventManager : Event: ======'machine_var_audits_switches_s_top_lane_m'====== Args={'value': 68, 'prev_value': None, 'change': True}
2018-09-28 01:13:33,519 : INFO : EventManager : Event: ======'machine_var_audits_switches_s_trough_1'====== Args={'value': 41, 'prev_value': None, 'change': True}
2018-09-28 01:13:33,519 : INFO : EventManager : Event: ======'machine_var_audits_switches_s_trough_2'====== Args={'value': 0, 'prev_value': None, 'change': True}
2018-09-28 01:13:33,519 : INFO : EventManager : Event: ======'machine_var_audits_switches_s_trough_3'====== Args={'value': 0, 'prev_value': None, 'change': True}
2018-09-28 01:13:33,519 : INFO : EventManager : Event: ======'machine_var_audits_switches_s_trough_4'====== Args={'value': 0, 'prev_value': None, 'change': True}
2018-09-28 01:13:33,519 : INFO : EventManager : Event: ======'machine_var_audits_switches_s_trough_5'====== Args={'value': 0, 'prev_value': None, 'change': True}
2018-09-28 01:13:33,520 : INFO : EventManager : Event: ======'machine_var_audits_switches_s_start_button'====== Args={'value': 0, 'prev_value': None, 'change': True}
2018-09-28 01:13:33,520 : INFO : EventManager : Event: ======'machine_var_audits_switches_s_plimb_bob_tilt'====== Args={'value': 0, 'prev_value': None, 'change': True}
2018-09-28 01:13:33,520 : INFO : EventManager : Event: ======'machine_var_audits_switches_s_left_sling'====== Args={'value': 0, 'prev_value': None, 'change': True}
2018-09-28 01:13:33,520 : INFO : EventManager : Event: ======'machine_var_audits_switches_s_right_sling'====== Args={'value': 0, 'prev_value': None, 'change': True}
2018-09-28 01:13:33,520 : INFO : EventManager : Event: ======'machine_var_audits_switches_s_shooter_lane'====== Args={'value': 0, 'prev_value': None, 'change': True}
2018-09-28 01:13:33,520 : INFO : EventManager : Event: ======'machine_var_audits_switches_s_exit_jets'====== Args={'value': 0, 'prev_value': None, 'change': True}
2018-09-28 01:13:33,520 : INFO : EventManager : Event: ======'machine_var_audits_switches_s_slam_tilt'====== Args={'value': 0, 'prev_value': None, 'change': True}
2018-09-28 01:13:33,520 : INFO : EventManager : Event: ======'machine_var_audits_switches_s_coin_door_closed'====== Args={'value': 0, 'prev_value': None, 'change': True}
2018-09-28 01:13:33,521 : INFO : EventManager : Event: ======'machine_var_audits_switches_s_ticket_opto'====== Args={'value': 0, 'prev_value': None, 'change': True}
2018-09-28 01:13:33,521 : INFO : EventManager : Event: ======'machine_var_audits_switches_s_always_closed'====== Args={'value': 0, 'prev_value': None, 'change': True}
2018-09-28 01:13:33,521 : INFO : EventManager : Event: ======'machine_var_audits_switches_s_outhole'====== Args={'value': 0, 'prev_value': None, 'change': True}
2018-09-28 01:13:33,522 : INFO : EventManager : Event: ======'machine_var_audits_switches_s_opto_popper'====== Args={'value': 0, 'prev_value': None, 'change': True}
2018-09-28 01:13:33,522 : INFO : EventManager : Event: ======'machine_var_audits_switches_s_mini_home_opto'====== Args={'value': 0, 'prev_value': None, 'change': True}
2018-09-28 01:13:33,522 : INFO : EventManager : Event: ======'machine_var_audits_switches_s_enter_top_ramp_opto'====== Args={'value': 0, 'prev_value': None, 'change': True}
2018-09-28 01:13:33,522 : INFO : EventManager : Event: ======'machine_var_audits_switches_s_launch_ball'====== Args={'value': 0, 'prev_value': None, 'change': True}
2018-09-28 01:13:33,523 : INFO : EventManager : Event: ======'machine_var_audits_switches_s_score_top_ramp'====== Args={'value': 0, 'prev_value': None, 'change': True}
2018-09-28 01:13:33,523 : INFO : EventManager : Event: ======'machine_var_audits_switches_s_enter_bottom_ramp'====== Args={'value': 0, 'prev_value': None, 'change': True}
2018-09-28 01:13:33,523 : INFO : EventManager : Event: ======'machine_var_audits_switches_s_score_bottom_ramp'====== Args={'value': 0, 'prev_value': None, 'change': True}
2018-09-28 01:13:33,524 : INFO : EventManager : Event: ======'machine_var_audits_switches_s_mini_dalek_middle'====== Args={'value': 0, 'prev_value': None, 'change': True}
2018-09-28 01:13:33,524 : INFO : EventManager : Event: ======'machine_var_audits_switches_s_escape_e1'====== Args={'value': 0, 'prev_value': None, 'change': True}
2018-09-28 01:13:33,524 : INFO : EventManager : Event: ======'machine_var_audits_switches_s_escape_s'====== Args={'value': 0, 'prev_value': None, 'change': True}
2018-09-28 01:13:33,525 : INFO : EventManager : Event: ======'machine_var_audits_switches_s_escape_c'====== Args={'value': 0, 'prev_value': None, 'change': True}
2018-09-28 01:13:33,525 : INFO : EventManager : Event: ======'machine_var_audits_switches_s_escape_a'====== Args={'value': 0, 'prev_value': None, 'change': True}
2018-09-28 01:13:33,525 : INFO : EventManager : Event: ======'machine_var_audits_switches_s_escape_p'====== Args={'value': 0, 'prev_value': None, 'change': True}
2018-09-28 01:13:33,526 : INFO : EventManager : Event: ======'machine_var_audits_switches_s_escape_e2'====== Args={'value': 0, 'prev_value': None, 'change': True}
2018-09-28 01:13:33,526 : INFO : EventManager : Event: ======'machine_var_audits_switches_s_hangon_score'====== Args={'value': 0, 'prev_value': None, 'change': True}
2018-09-28 01:13:33,526 : INFO : EventManager : Event: ======'machine_var_audits_switches_s_select_doctor'====== Args={'value': 0, 'prev_value': None, 'change': True}
2018-09-28 01:13:33,527 : INFO : EventManager : Event: ======'machine_var_audits_switches_s_repair_r1'====== Args={'value': 0, 'prev_value': None, 'change': True}
2018-09-28 01:13:33,527 : INFO : EventManager : Event: ======'machine_var_audits_switches_s_repair_e'====== Args={'value': 0, 'prev_value': None, 'change': True}
2018-09-28 01:13:33,527 : INFO : EventManager : Event: ======'machine_var_audits_switches_s_repair_p'====== Args={'value': 0, 'prev_value': None, 'change': True}
2018-09-28 01:13:33,527 : INFO : EventManager : Event: ======'machine_var_audits_switches_s_repair_a'====== Args={'value': 0, 'prev_value': None, 'change': True}
2018-09-28 01:13:33,528 : INFO : EventManager : Event: ======'machine_var_audits_switches_s_repair_i'====== Args={'value': 0, 'prev_value': None, 'change': True}
2018-09-28 01:13:33,528 : INFO : EventManager : Event: ======'machine_var_audits_switches_s_repair_r2'====== Args={'value': 0, 'prev_value': None, 'change': True}
2018-09-28 01:13:33,528 : INFO : EventManager : Event: ======'machine_var_audits_switches_s_trap_door_down'====== Args={'value': 0, 'prev_value': None, 'change': True}
2018-09-28 01:13:33,528 : INFO : EventManager : Event: ======'machine_var_audits_switches_s_transmat_award'====== Args={'value': 0, 'prev_value': None, 'change': True}
2018-09-28 01:13:33,529 : INFO : EventManager : Event: ======'machine_var_audits_switches_s_left_jet'====== Args={'value': 0, 'prev_value': None, 'change': True}
2018-09-28 01:13:33,529 : INFO : EventManager : Event: ======'machine_var_audits_switches_s_right_jet'====== Args={'value': 0, 'prev_value': None, 'change': True}
2018-09-28 01:13:33,529 : INFO : EventManager : Event: ======'machine_var_audits_switches_s_bottom_jet'====== Args={'value': 0, 'prev_value': None, 'change': True}
2018-09-28 01:13:33,529 : INFO : EventManager : Event: ======'machine_var_audits_switches_s_left_drain'====== Args={'value': 0, 'prev_value': None, 'change': True}
2018-09-28 01:13:33,529 : INFO : EventManager : Event: ======'machine_var_audits_switches_s_left_return'====== Args={'value': 0, 'prev_value': None, 'change': True}
2018-09-28 01:13:33,530 : INFO : EventManager : Event: ======'machine_var_audits_switches_s_right_return'====== Args={'value': 0, 'prev_value': None, 'change': True}
2018-09-28 01:13:33,530 : INFO : EventManager : Event: ======'machine_var_audits_switches_s_right_drain'====== Args={'value': 0, 'prev_value': None, 'change': True}
2018-09-28 01:13:33,530 : INFO : EventManager : Event: ======'machine_var_audits_switches_s_mini_dalek_left'====== Args={'value': 0, 'prev_value': None, 'change': True}
2018-09-28 01:13:33,530 : INFO : EventManager : Event: ======'machine_var_audits_switches_s_mini_opto_5_bank_right_1'====== Args={'value': 0, 'prev_value': None, 'change': True}
2018-09-28 01:13:33,530 : INFO : EventManager : Event: ======'machine_var_audits_switches_s_mini_opto_5_bank_right_2'====== Args={'value': 0, 'prev_value': None, 'change': True}
2018-09-28 01:13:33,531 : INFO : EventManager : Event: ======'machine_var_audits_switches_s_mini_opto_5_bank_middle'====== Args={'value': 0, 'prev_value': None, 'change': True}
2018-09-28 01:13:33,531 : INFO : EventManager : Event: ======'machine_var_audits_switches_s_mini_opto_5_bank_left_2'====== Args={'value': 0, 'prev_value': None, 'change': True}
2018-09-28 01:13:33,531 : INFO : EventManager : Event: ======'machine_var_audits_switches_s_mini_opto_5_bank_left_1'====== Args={'value': 0, 'prev_value': None, 'change': True}
2018-09-28 01:13:33,531 : INFO : EventManager : Event: ======'machine_var_audits_switches_s_mini_left_opto_eject'====== Args={'value': 0, 'prev_value': None, 'change': True}
2018-09-28 01:13:33,532 : INFO : EventManager : Event: ======'machine_var_audits_switches_s_mini_right_opto_eject'====== Args={'value': 0, 'prev_value': None, 'change': True}
2018-09-28 01:13:33,532 : INFO : EventManager : Event: ======'machine_var_audits_switches_s_mini_lite_lock'====== Args={'value': 0, 'prev_value': None, 'change': True}
2018-09-28 01:13:33,532 : INFO : EventManager : Event: ======'machine_var_audits_switches_s_mini_dalek_right'====== Args={'value': 0, 'prev_value': None, 'change': True}
2018-09-28 01:13:33,532 : INFO : EventManager : Event: ======'machine_var_audits_switches_s_left_coin'====== Args={'value': 0, 'prev_value': None, 'change': True}
2018-09-28 01:13:33,533 : INFO : EventManager : Event: ======'machine_var_audits_switches_s_center_coin'====== Args={'value': 0, 'prev_value': None, 'change': True}
2018-09-28 01:13:33,533 : INFO : EventManager : Event: ======'machine_var_audits_switches_s_right_coin'====== Args={'value': 0, 'prev_value': None, 'change': True}
2018-09-28 01:13:33,533 : INFO : EventManager : Event: ======'machine_var_audits_switches_s_4th_coin'====== Args={'value': 0, 'prev_value': None, 'change': True}
2018-09-28 01:13:33,533 : INFO : EventManager : Event: ======'machine_var_audits_switches_s_service_credit'====== Args={'value': 0, 'prev_value': None, 'change': True}
2018-09-28 01:13:33,534 : INFO : EventManager : Event: ======'machine_var_audits_switches_s_volume_down'====== Args={'value': 0, 'prev_value': None, 'change': True}
2018-09-28 01:13:33,534 : INFO : EventManager : Event: ======'machine_var_audits_switches_s_volume_up'====== Args={'value': 0, 'prev_value': None, 'change': True}
2018-09-28 01:13:33,534 : INFO : EventManager : Event: ======'machine_var_audits_switches_s_test'====== Args={'value': 0, 'prev_value': None, 'change': True}
2018-09-28 01:13:33,534 : INFO : EventManager : Event: ======'machine_var_audits_switches_s_right_flipper_eos'====== Args={'value': 0, 'prev_value': None, 'change': True}
2018-09-28 01:13:33,534 : INFO : EventManager : Event: ======'machine_var_audits_switches_s_right_flipper_opto'====== Args={'value': 0, 'prev_value': None, 'change': True}
2018-09-28 01:13:33,535 : INFO : EventManager : Event: ======'machine_var_audits_switches_s_left_flipper_eos'====== Args={'value': 0, 'prev_value': None, 'change': True}
2018-09-28 01:13:33,535 : INFO : EventManager : Event: ======'machine_var_audits_switches_s_left_flipper_opto'====== Args={'value': 0, 'prev_value': None, 'change': True}
2018-09-28 01:13:33,535 : INFO : EventManager : Event: ======'machine_var_audits_switches_s_upper_right_flipper_eos'====== Args={'value': 0, 'prev_value': None, 'change': True}
2018-09-28 01:13:33,535 : INFO : EventManager : Event: ======'machine_var_audits_switches_s_upper_right_flipper_opto'====== Args={'value': 0, 'prev_value': None, 'change': True}
2018-09-28 01:13:33,535 : INFO : EventManager : Event: ======'machine_var_audits_switches_s_upper_left_flipper_eos'====== Args={'value': 0, 'prev_value': None, 'change': True}
2018-09-28 01:13:33,536 : INFO : EventManager : Event: ======'machine_var_audits_switches_s_upper_left_flipper_opto'====== Args={'value': 0, 'prev_value': None, 'change': True}
2018-09-28 01:13:33,536 : INFO : EventManager : Event: ======'init_phase_5'====== Args={}
2018-09-28 01:13:33,536 : INFO : EventManager : Event: ======'init_done'====== Args={}
2018-09-28 01:13:33,537 : INFO : EventManager : Event: ======'machine_reset_phase_1'====== Args={}
2018-09-28 01:13:33,551 : INFO : EventManager : Event: ======'machine_reset_phase_2'====== Args={}
2018-09-28 01:13:33,551 : INFO : EventManager : Event: ======'machine_reset_phase_3'====== Args={}
2018-09-28 01:13:33,552 : INFO : EventManager : Event: ======'reset_complete'====== Args={}
2018-09-28 01:13:33,552 : INFO : EventManager : Event: ======'mode_attract_will_start'====== Args={}
2018-09-28 01:13:33,553 : INFO : EventManager : Event: ======'mode_attract_starting'====== Args={}
2018-09-28 01:13:33,553 : INFO : Mode.attract : Started. Priority: 10
2018-09-28 01:13:33,554 : INFO : EventManager : Event: ======'mode_attract_started'====== Args={}
2018-09-28 01:13:33,554 : INFO : EventManager : Event: ======'collecting_balls_complete'====== Args={}
2018-09-28 01:13:33,555 : INFO : Machine : Starting the main run loop.
2018-09-28 01:13:33,839 : INFO : BcpServer : New client connected.
2018-09-28 01:13:40,020 : INFO : SwitchController : <<<<<<< 's_Start_Button' active >>>>>>>
2018-09-28 01:13:40,020 : INFO : EventManager : Event: ======'s_start_button_active'====== Args={}
2018-09-28 01:13:40,091 : INFO : SwitchController : <<<<<<< 's_Start_Button' inactive >>>>>>>
2018-09-28 01:13:40,092 : INFO : EventManager : Event: ======'s_start_button_inactive'====== Args={}
2018-09-28 01:13:43,379 : INFO : SwitchController : <<<<<<< 's_Left_Flipper_Opto' active >>>>>>>
2018-09-28 01:13:43,379 : INFO : EventManager : Event: ======'s_left_flipper_opto_active'====== Args={}
2018-09-28 01:13:43,380 : INFO : EventManager : Event: ======'sw_player'====== Args={}
2018-09-28 01:13:43,380 : INFO : EventManager : Event: ======'sw_player_active'====== Args={}
2018-09-28 01:13:43,380 : INFO : EventManager : Event: ======'sw_left_flipper'====== Args={}
2018-09-28 01:13:43,380 : INFO : EventManager : Event: ======'sw_left_flipper_active'====== Args={}
2018-09-28 01:13:43,489 : INFO : SwitchController : <<<<<<< 's_Left_Flipper_Opto' inactive >>>>>>>
2018-09-28 01:13:43,490 : INFO : EventManager : Event: ======'s_left_flipper_opto_inactive'====== Args={}
2018-09-28 01:13:43,490 : INFO : EventManager : Event: ======'sw_player_inactive'====== Args={}
2018-09-28 01:13:43,490 : INFO : EventManager : Event: ======'sw_left_flipper_inactive'====== Args={}
2018-09-28 01:13:44,743 : INFO : SwitchController : <<<<<<< 's_Left_Sling' active >>>>>>>
2018-09-28 01:13:44,743 : INFO : EventManager : Event: ======'s_left_sling_active'====== Args={}
2018-09-28 01:13:44,744 : INFO : EventManager : Event: ======'playfield_active'====== Args={}
2018-09-28 01:13:44,744 : INFO : EventManager : Event: ======'unexpected_ball_on_playfield'====== Args={}
2018-09-28 01:13:44,854 : INFO : SwitchController : <<<<<<< 's_Left_Sling' inactive >>>>>>>
2018-09-28 01:13:44,854 : INFO : EventManager : Event: ======'s_left_sling_inactive'====== Args={}
2018-09-28 01:13:47,984 : INFO : SwitchController : <<<<<<< 's_Launch_Ball' active >>>>>>>
2018-09-28 01:13:47,984 : INFO : EventManager : Event: ======'s_launch_ball_active'====== Args={}
2018-09-28 01:13:48,080 : INFO : SwitchController : <<<<<<< 's_Launch_Ball' inactive >>>>>>>
2018-09-28 01:13:48,080 : INFO : EventManager : Event: ======'s_launch_ball_inactive'====== Args={}
2018-09-28 01:13:49,852 : INFO : SwitchController : <<<<<<< 's_Left_Sling' active >>>>>>>
2018-09-28 01:13:49,853 : INFO : EventManager : Event: ======'s_left_sling_active'====== Args={}
2018-09-28 01:13:49,853 : INFO : EventManager : Event: ======'playfield_active'====== Args={}
2018-09-28 01:13:49,853 : INFO : EventManager : Event: ======'unexpected_ball_on_playfield'====== Args={}
2018-09-28 01:13:49,998 : INFO : SwitchController : <<<<<<< 's_Left_Sling' inactive >>>>>>>
2018-09-28 01:13:49,998 : INFO : EventManager : Event: ======'s_left_sling_inactive'====== Args={}
2018-09-28 01:13:51,516 : INFO : SwitchController : <<<<<<< 's_trough_1' inactive >>>>>>>
2018-09-28 01:13:51,516 : INFO : EventManager : Event: ======'s_trough_1_inactive'====== Args={}
2018-09-28 01:13:54,662 : INFO : SwitchController : <<<<<<< 's_Launch_Ball' active >>>>>>>
2018-09-28 01:13:54,663 : INFO : EventManager : Event: ======'s_launch_ball_active'====== Args={}
2018-09-28 01:13:54,760 : INFO : SwitchController : <<<<<<< 's_Launch_Ball' inactive >>>>>>>
2018-09-28 01:13:54,760 : INFO : EventManager : Event: ======'s_launch_ball_inactive'====== Args={}
2018-09-28 01:13:55,712 : INFO : SwitchController : <<<<<<< 's_Left_Sling' active >>>>>>>
2018-09-28 01:13:55,712 : INFO : EventManager : Event: ======'s_left_sling_active'====== Args={}
2018-09-28 01:13:55,712 : INFO : EventManager : Event: ======'playfield_active'====== Args={}
2018-09-28 01:13:55,712 : INFO : EventManager : Event: ======'unexpected_ball_on_playfield'====== Args={}
2018-09-28 01:13:55,810 : INFO : SwitchController : <<<<<<< 's_Left_Sling' inactive >>>>>>>
2018-09-28 01:13:55,811 : INFO : EventManager : Event: ======'s_left_sling_inactive'====== Args={}
2018-09-28 01:13:57,012 : INFO : EventManager : Event: ======'balldevice_bd_trough_ball_count_changed'====== Args={'balls': 2}
2018-09-28 01:13:57,012 : WARNING : ball_device.bd_trough : WARNING: Ball disappeared while idle. This should not normally happen.
2018-09-28 01:13:57,013 : INFO : EventManager : Event: ======'balldevice_playfield_ball_enter'====== Args={'new_balls': 1, 'unclaimed_balls': 1, 'device': <playfield.playfield>}
2018-09-28 01:13:57,013 : INFO : EventManager : Event: ======'playfield_ball_count_change'====== Args={'balls': 1, 'change': 1}
2018-09-28 01:13:57,013 : INFO : EventManager : Event: ======'balldevice_bd_trough_ball_missing'====== Args={'balls': 1}
2018-09-28 01:13:57,015 : INFO : EventManager : Event: ======'balldevice_ball_missing'====== Args={'balls': 1, 'name': 'bd_trough'}
2018-09-28 01:14:00,671 : INFO : SwitchController : <<<<<<< 's_Right_Sling' active >>>>>>>
2018-09-28 01:14:00,671 : INFO : EventManager : Event: ======'s_right_sling_active'====== Args={}
2018-09-28 01:14:00,794 : INFO : SwitchController : <<<<<<< 's_Right_Sling' inactive >>>>>>>
2018-09-28 01:14:00,794 : INFO : EventManager : Event: ======'s_right_sling_inactive'====== Args={}
2018-09-28 01:14:01,392 : INFO : SwitchController : <<<<<<< 's_Left_Sling' active >>>>>>>
2018-09-28 01:14:01,392 : INFO : EventManager : Event: ======'s_left_sling_active'====== Args={}
2018-09-28 01:14:01,511 : INFO : SwitchController : <<<<<<< 's_Left_Sling' inactive >>>>>>>
2018-09-28 01:14:01,511 : INFO : EventManager : Event: ======'s_left_sling_inactive'====== Args={}
2018-09-28 01:14:01,792 : INFO : SwitchController : <<<<<<< 's_Right_Sling' active >>>>>>>
2018-09-28 01:14:01,793 : INFO : EventManager : Event: ======'s_right_sling_active'====== Args={}
2018-09-28 01:14:01,989 : INFO : SwitchController : <<<<<<< 's_Right_Sling' inactive >>>>>>>
2018-09-28 01:14:01,989 : INFO : EventManager : Event: ======'s_right_sling_inactive'====== Args={}
2018-09-28 01:14:04,949 : INFO : Machine : Shutting down...
2018-09-28 01:14:04,949 : INFO : EventManager : Event: ======'shutdown'====== Args={}
2018-09-28 01:14:04,949 : INFO : root : MPF run loop ended.
